WS Exception:
Traceback (most recent call last):
  File "C:\Users\Nilabh Kalia\SentinelEdge-AI\engine\main.py", line 22, in websocket_endpoint
    data = await websocket.receive_json()
           ^^^^^^^^^^^^^^^^^^^^^^^^^^^^^^
  File "C:\Users\Nilabh Kalia\SentinelEdge-AI\engine\venv\Lib\site-packages\starlette\websockets.py", line 136, in receive_json
    self._raise_on_disconnect(message)
  File "C:\Users\Nilabh Kalia\SentinelEdge-AI\engine\venv\Lib\site-packages\starlette\websockets.py", line 114, in _raise_on_disconnect
    raise WebSocketDisconnect(message["code"], message.get("reason"))
starlette.websockets.WebSocketDisconnect: (1001, '')

WS Exception:
Traceback (most recent call last):
  File "C:\Users\Nilabh Kalia\SentinelEdge-AI\engine\venv\Lib\site-packages\websockets\legacy\protocol.py", line 940, in transfer_data
    message = await self.read_message()
              ^^^^^^^^^^^^^^^^^^^^^^^^^
  File "C:\Users\Nilabh Kalia\SentinelEdge-AI\engine\venv\Lib\site-packages\websockets\legacy\protocol.py", line 1010, in read_message
    frame = await self.read_data_frame(max_size=self.max_size)
            ^^^^^^^^^^^^^^^^^^^^^^^^^^^^^^^^^^^^^^^^^^^^^^^^^^
  File "C:\Users\Nilabh Kalia\SentinelEdge-AI\engine\venv\Lib\site-packages\websockets\legacy\protocol.py", line 1087, in read_data_frame
    frame = await self.read_frame(max_size)
            ^^^^^^^^^^^^^^^^^^^^^^^^^^^^^^^
  File "C:\Users\Nilabh Kalia\SentinelEdge-AI\engine\venv\Lib\site-packages\websockets\legacy\protocol.py", line 1144, in read_frame
    frame = await Frame.read(
            ^^^^^^^^^^^^^^^^^
  File "C:\Users\Nilabh Kalia\SentinelEdge-AI\engine\venv\Lib\site-packages\websockets\legacy\framing.py", line 70, in read
    data = await reader(2)
           ^^^^^^^^^^^^^^^
  File "C:\Users\Nilabh Kalia\AppData\Local\Programs\Python\Python311\Lib\asyncio\streams.py", line 717, in readexactly
    raise self._exception
  File "C:\Users\Nilabh Kalia\AppData\Local\Programs\Python\Python311\Lib\asyncio\proactor_events.py", line 301, in _loop_reading
    self._read_fut = self._loop._proactor.recv_into(self._sock, self._data)
                     ^^^^^^^^^^^^^^^^^^^^^^^^^^^^^^^^^^^^^^^^^^^^^^^^^^^^^^
  File "C:\Users\Nilabh Kalia\AppData\Local\Programs\Python\Python311\Lib\asyncio\windows_events.py", line 477, in recv_into
    ov.WSARecvInto(conn.fileno(), buf, flags)
ConnectionAbortedError: [WinError 10053] An established connection was aborted by the software in your host machine

The above exception was the direct cause of the following exception:

Traceback (most recent call last):
  File "C:\Users\Nilabh Kalia\SentinelEdge-AI\engine\venv\Lib\site-packages\uvicorn\protocols\websockets\websockets_impl.py", line 329, in asgi_send
    await self.send(data)  # type: ignore[arg-type]
    ^^^^^^^^^^^^^^^^^^^^^
  File "C:\Users\Nilabh Kalia\SentinelEdge-AI\engine\venv\Lib\site-packages\websockets\legacy\protocol.py", line 630, in send
    await self.write_frame(True, opcode, data)
  File "C:\Users\Nilabh Kalia\SentinelEdge-AI\engine\venv\Lib\site-packages\websockets\legacy\protocol.py", line 1184, in write_frame
    await self.drain()
  File "C:\Users\Nilabh Kalia\SentinelEdge-AI\engine\venv\Lib\site-packages\websockets\legacy\protocol.py", line 1173, in drain
    await self.ensure_open()
  File "C:\Users\Nilabh Kalia\SentinelEdge-AI\engine\venv\Lib\site-packages\websockets\legacy\protocol.py", line 916, in ensure_open
    raise self.connection_closed_exc()
websockets.exceptions.ConnectionClosedError: no close frame received or sent

The above exception was the direct cause of the following exception:

Traceback (most recent call last):
  File "C:\Users\Nilabh Kalia\SentinelEdge-AI\engine\venv\Lib\site-packages\starlette\websockets.py", line 86, in send
    await self._send(message)
  File "C:\Users\Nilabh Kalia\SentinelEdge-AI\engine\venv\Lib\site-packages\starlette\_exception_handler.py", line 39, in sender
    await send(message)
  File "C:\Users\Nilabh Kalia\SentinelEdge-AI\engine\venv\Lib\site-packages\uvicorn\protocols\websockets\websockets_impl.py", line 342, in asgi_send
    raise ClientDisconnected from exc
uvicorn.protocols.utils.ClientDisconnected

During handling of the above exception, another exception occurred:

Traceback (most recent call last):
  File "C:\Users\Nilabh Kalia\SentinelEdge-AI\engine\main.py", line 53, in websocket_endpoint
    await websocket.send_json({
  File "C:\Users\Nilabh Kalia\SentinelEdge-AI\engine\venv\Lib\site-packages\starlette\websockets.py", line 176, in send_json
    await self.send({"type": "websocket.send", "text": text})
  File "C:\Users\Nilabh Kalia\SentinelEdge-AI\engine\venv\Lib\site-packages\starlette\websockets.py", line 89, in send
    raise WebSocketDisconnect(code=1006)
starlette.websockets.WebSocketDisconnect

WS Exception:
Traceback (most recent call last):
  File "C:\Users\Nilabh Kalia\SentinelEdge-AI\engine\main.py", line 22, in websocket_endpoint
    data = await websocket.receive_json()
           ^^^^^^^^^^^^^^^^^^^^^^^^^^^^^^
  File "C:\Users\Nilabh Kalia\SentinelEdge-AI\engine\venv\Lib\site-packages\starlette\websockets.py", line 136, in receive_json
    self._raise_on_disconnect(message)
  File "C:\Users\Nilabh Kalia\SentinelEdge-AI\engine\venv\Lib\site-packages\starlette\websockets.py", line 114, in _raise_on_disconnect
    raise WebSocketDisconnect(message["code"], message.get("reason"))
starlette.websockets.WebSocketDisconnect: (<CloseCode.ABNORMAL_CLOSURE: 1006>, '')

WS Exception:
Traceback (most recent call last):
  File "C:\Users\Nilabh Kalia\SentinelEdge-AI\engine\main.py", line 22, in websocket_endpoint
    data = await websocket.receive_json()
           ^^^^^^^^^^^^^^^^^^^^^^^^^^^^^^
  File "C:\Users\Nilabh Kalia\SentinelEdge-AI\engine\venv\Lib\site-packages\starlette\websockets.py", line 136, in receive_json
    self._raise_on_disconnect(message)
  File "C:\Users\Nilabh Kalia\SentinelEdge-AI\engine\venv\Lib\site-packages\starlette\websockets.py", line 114, in _raise_on_disconnect
    raise WebSocketDisconnect(message["code"], message.get("reason"))
starlette.websockets.WebSocketDisconnect: (1001, '')

